<?xml version="1.0" encoding="UTF-8"?>
<!-- Generated by org.testng.reporters.JUnitReportReporter -->
<testsuite hostname="UPSCRATCH" failures="0" tests="1" name="script.ValidLogin" time="35.406" errors="0" timestamp="2023-05-04T12:55:39 IST" skipped="0">
  <testcase classname="script.ValidLogin" name="testValidLogin" time="35.406"/>
  <system-out>
    <![CDATA[HomePage is Displayed]]>
  </system-out>
</testsuite> <!-- script.ValidLogin -->
